# JRE version: OpenJDK Runtime Environment (8.0_76-b03) (build 1.8.0_76-release-b03)
# Java VM: OpenJDK 64-Bit Server VM (25.76-b03 mixed mode windows-amd64 compressed oops)
Heap:
 PSYoungGen      total 472064K, used 221089K [0x00000000e0000000, 0x0000000100000000, 0x0000000100000000)
  eden space 418816K, 52% used [0x00000000e0000000,0x00000000ed7e8600,0x00000000f9900000)
  from space 53248K, 0% used [0x00000000fcc00000,0x00000000fcc00000,0x0000000100000000)
  to   space 52224K, 0% used [0x00000000f9900000,0x00000000f9900000,0x00000000fcc00000)
 ParOldGen       total 169472K, used 60189K [0x00000000a0000000, 0x00000000aa580000, 0x00000000e0000000)
  object space 169472K, 35% used [0x00000000a0000000,0x00000000a3ac7778,0x00000000aa580000)
 Metaspace       used 74808K, capacity 79812K, committed 80048K, reserved 1118208K
  class space    used 9492K, capacity 10321K, committed 10416K, reserved 1048576K
GC Heap History (10 events):
Event: 578.576 GC heap before
{Heap before GC invocations=31 (full 7):
 PSYoungGen      total 414208K, used 413843K [0x00000000e0000000, 0x00000000ff880000, 0x0000000100000000)
  eden space 402944K, 100% used [0x00000000e0000000,0x00000000f8980000,0x00000000f8980000)
  from space 11264K, 96% used [0x00000000f8980000,0x00000000f9424f40,0x00000000f9480000)
  to   space 56832K, 0% used [0x00000000fc100000,0x00000000fc100000,0x00000000ff880000)
 ParOldGen       total 169472K, used 59357K [0x00000000a0000000, 0x00000000aa580000, 0x00000000e0000000)
  object space 169472K, 35% used [0x00000000a0000000,0x00000000a39f7688,0x00000000aa580000)
 Metaspace       used 73907K, capacity 77988K, committed 78256K, reserved 1118208K
  class space    used 9353K, capacity 10088K, committed 10160K, reserved 1048576K
Event: 578.595 GC heap after
Heap after GC invocations=31 (full 7):
 PSYoungGen      total 462336K, used 21143K [0x00000000e0000000, 0x0000000100000000, 0x0000000100000000)
  eden space 405504K, 0% used [0x00000000e0000000,0x00000000e0000000,0x00000000f8c00000)
  from space 56832K, 37% used [0x00000000fc100000,0x00000000fd5a5d78,0x00000000ff880000)
  to   space 54272K, 0% used [0x00000000f8c00000,0x00000000f8c00000,0x00000000fc100000)
 ParOldGen       total 169472K, used 59365K [0x00000000a0000000, 0x00000000aa580000, 0x00000000e0000000)
  object space 169472K, 35% used [0x00000000a0000000,0x00000000a39f9688,0x00000000aa580000)
 Metaspace       used 73907K, capacity 77988K, committed 78256K, reserved 1118208K
  class space    used 9353K, capacity 10088K, committed 10160K, reserved 1048576K
}
Event: 578.730 GC heap before
{Heap before GC invocations=32 (full 7):
 PSYoungGen      total 462336K, used 64997K [0x00000000e0000000, 0x0000000100000000, 0x0000000100000000)
  eden space 405504K, 10% used [0x00000000e0000000,0x00000000e2ad3798,0x00000000f8c00000)
  from space 56832K, 37% used [0x00000000fc100000,0x00000000fd5a5d78,0x00000000ff880000)
  to   space 54272K, 0% used [0x00000000f8c00000,0x00000000f8c00000,0x00000000fc100000)
 ParOldGen       total 169472K, used 59365K [0x00000000a0000000, 0x00000000aa580000, 0x00000000e0000000)
  object space 169472K, 35% used [0x00000000a0000000,0x00000000a39f9688,0x00000000aa580000)
 Metaspace       used 73909K, capacity 78052K, committed 78256K, reserved 1118208K
  class space    used 9353K, capacity 10088K, committed 10160K, reserved 1048576K
Event: 578.745 GC heap after
Heap after GC invocations=32 (full 7):
 PSYoungGen      total 459776K, used 1232K [0x00000000e0000000, 0x0000000100000000, 0x0000000100000000)
  eden space 405504K, 0% used [0x00000000e0000000,0x00000000e0000000,0x00000000f8c00000)
  from space 54272K, 2% used [0x00000000f8c00000,0x00000000f8d34030,0x00000000fc100000)
  to   space 53248K, 0% used [0x00000000fcc00000,0x00000000fcc00000,0x0000000100000000)
 ParOldGen       total 169472K, used 59365K [0x00000000a0000000, 0x00000000aa580000, 0x00000000e0000000)
  object space 169472K, 35% used [0x00000000a0000000,0x00000000a39f9688,0x00000000aa580000)
 Metaspace       used 73909K, capacity 78052K, committed 78256K, reserved 1118208K
  class space    used 9353K, capacity 10088K, committed 10160K, reserved 1048576K
}
Event: 578.745 GC heap before
{Heap before GC invocations=33 (full 8):
 PSYoungGen      total 459776K, used 1232K [0x00000000e0000000, 0x0000000100000000, 0x0000000100000000)
  eden space 405504K, 0% used [0x00000000e0000000,0x00000000e0000000,0x00000000f8c00000)
  from space 54272K, 2% used [0x00000000f8c00000,0x00000000f8d34030,0x00000000fc100000)
  to   space 53248K, 0% used [0x00000000fcc00000,0x00000000fcc00000,0x0000000100000000)
 ParOldGen       total 169472K, used 59365K [0x00000000a0000000, 0x00000000aa580000, 0x00000000e0000000)
  object space 169472K, 35% used [0x00000000a0000000,0x00000000a39f9688,0x00000000aa580000)
 Metaspace       used 73909K, capacity 78052K, committed 78256K, reserved 1118208K
  class space    used 9353K, capacity 10088K, committed 10160K, reserved 1048576K
Event: 579.007 GC heap after
Heap after GC invocations=33 (full 8):
 PSYoungGen      total 459776K, used 0K [0x00000000e0000000, 0x0000000100000000, 0x0000000100000000)
  eden space 405504K, 0% used [0x00000000e0000000,0x00000000e0000000,0x00000000f8c00000)
  from space 54272K, 0% used [0x00000000f8c00000,0x00000000f8c00000,0x00000000fc100000)
  to   space 53248K, 0% used [0x00000000fcc00000,0x00000000fcc00000,0x0000000100000000)
 ParOldGen       total 169472K, used 58921K [0x00000000a0000000, 0x00000000aa580000, 0x00000000e0000000)
  object space 169472K, 34% used [0x00000000a0000000,0x00000000a398a4a0,0x00000000aa580000)
 Metaspace       used 73909K, capacity 78052K, committed 78256K, reserved 1118208K
  class space    used 9353K, capacity 10088K, committed 10160K, reserved 1048576K
}
Event: 1160.931 GC heap before
{Heap before GC invocations=34 (full 8):
 PSYoungGen      total 459776K, used 282530K [0x00000000e0000000, 0x0000000100000000, 0x0000000100000000)
  eden space 405504K, 69% used [0x00000000e0000000,0x00000000f13e88c8,0x00000000f8c00000)
  from space 54272K, 0% used [0x00000000f8c00000,0x00000000f8c00000,0x00000000fc100000)
  to   space 53248K, 0% used [0x00000000fcc00000,0x00000000fcc00000,0x0000000100000000)
 ParOldGen       total 169472K, used 58921K [0x00000000a0000000, 0x00000000aa580000, 0x00000000e0000000)
  object space 169472K, 34% used [0x00000000a0000000,0x00000000a398a4a0,0x00000000aa580000)
 Metaspace       used 74123K, capacity 78282K, committed 78512K, reserved 1118208K
  class space    used 9371K, capacity 10112K, committed 10160K, reserved 1048576K
Event: 1160.937 GC heap after
Heap after GC invocations=34 (full 8):
 PSYoungGen      total 472064K, used 1720K [0x00000000e0000000, 0x0000000100000000, 0x0000000100000000)
  eden space 418816K, 0% used [0x00000000e0000000,0x00000000e0000000,0x00000000f9900000)
  from space 53248K, 3% used [0x00000000fcc00000,0x00000000fcdae140,0x0000000100000000)
  to   space 52224K, 0% used [0x00000000f9900000,0x00000000f9900000,0x00000000fcc00000)
 ParOldGen       total 169472K, used 58929K [0x00000000a0000000, 0x00000000aa580000, 0x00000000e0000000)
  object space 169472K, 34% used [0x00000000a0000000,0x00000000a398c4a0,0x00000000aa580000)
 Metaspace       used 74123K, capacity 78282K, committed 78512K, reserved 1118208K
  class space    used 9371K, capacity 10112K, committed 10160K, reserved 1048576K
}
Event: 1160.937 GC heap before
{Heap before GC invocations=35 (full 9):
 PSYoungGen      total 472064K, used 1720K [0x00000000e0000000, 0x0000000100000000, 0x0000000100000000)
  eden space 418816K, 0% used [0x00000000e0000000,0x00000000e0000000,0x00000000f9900000)
  from space 53248K, 3% used [0x00000000fcc00000,0x00000000fcdae140,0x0000000100000000)
  to   space 52224K, 0% used [0x00000000f9900000,0x00000000f9900000,0x00000000fcc00000)
 ParOldGen       total 169472K, used 58929K [0x00000000a0000000, 0x00000000aa580000, 0x00000000e0000000)
  object space 169472K, 34% used [0x00000000a0000000,0x00000000a398c4a0,0x00000000aa580000)
 Metaspace       used 74123K, capacity 78282K, committed 78512K, reserved 1118208K
  class space    used 9371K, capacity 10112K, committed 10160K, reserved 1048576K
Event: 1161.201 GC heap after
Heap after GC invocations=35 (full 9):
 PSYoungGen      total 472064K, used 0K [0x00000000e0000000, 0x0000000100000000, 0x0000000100000000)
  eden space 418816K, 0% used [0x00000000e0000000,0x00000000e0000000,0x00000000f9900000)
  from space 53248K, 0% used [0x00000000fcc00000,0x00000000fcc00000,0x0000000100000000)
  to   space 52224K, 0% used [0x00000000f9900000,0x00000000f9900000,0x00000000fcc00000)
 ParOldGen       total 169472K, used 60189K [0x00000000a0000000, 0x00000000aa580000, 0x00000000e0000000)
  object space 169472K, 35% used [0x00000000a0000000,0x00000000a3ac7778,0x00000000aa580000)
 Metaspace       used 74123K, capacity 78282K, committed 78512K, reserved 1118208K
  class space    used 9371K, capacity 10112K, committed 10160K, reserved 1048576K
}

